have_func: checking for rb_postponed_job_register_one()... -------------------- yes

"clang -o conftest -I/Users/kashyap/.rubies/ruby-2.1.0/include/ruby-2.1.0/x86_64-darwin13.0 -I/Users/kashyap/.rubies/ruby-2.1.0/include/ruby-2.1.0/ruby/backward -I/Users/kashyap/.rubies/ruby-2.1.0/include/ruby-2.1.0 -I.  -I/usr/local/opt/openssl/include -I/usr/local/opt/readline/include -I/usr/local/opt/libyaml/include -I/usr/local/opt/gdbm/include -I/usr/local/opt/libffi/include -D_XOPEN_SOURCE -D_DARWIN_C_SOURCE -D_DARWIN_UNLIMITED_SELECT -D_REENTRANT   -O3 -pipe conftest.c  -L. -L/Users/kashyap/.rubies/ruby-2.1.0/lib -L/usr/local/opt/openssl/lib -L/usr/local/opt/readline/lib -L/usr/local/opt/libyaml/lib -L/usr/local/opt/gdbm/lib -L/usr/local/opt/libffi/lib -L. -fstack-protector           -lruby-static -framework CoreFoundation  -lpthread -ldl -lobjc "
checked program was:
/* begin */
1: #include "ruby.h"
2: 
3: int main(int argc, char **argv)
4: {
5:   return 0;
6: }
/* end */

"clang -o conftest -I/Users/kashyap/.rubies/ruby-2.1.0/include/ruby-2.1.0/x86_64-darwin13.0 -I/Users/kashyap/.rubies/ruby-2.1.0/include/ruby-2.1.0/ruby/backward -I/Users/kashyap/.rubies/ruby-2.1.0/include/ruby-2.1.0 -I.  -I/usr/local/opt/openssl/include -I/usr/local/opt/readline/include -I/usr/local/opt/libyaml/include -I/usr/local/opt/gdbm/include -I/usr/local/opt/libffi/include -D_XOPEN_SOURCE -D_DARWIN_C_SOURCE -D_DARWIN_UNLIMITED_SELECT -D_REENTRANT   -O3 -pipe conftest.c  -L. -L/Users/kashyap/.rubies/ruby-2.1.0/lib -L/usr/local/opt/openssl/lib -L/usr/local/opt/readline/lib -L/usr/local/opt/libyaml/lib -L/usr/local/opt/gdbm/lib -L/usr/local/opt/libffi/lib -L. -fstack-protector           -lruby-static -framework CoreFoundation  -lpthread -ldl -lobjc "
conftest.c:13:57: error: use of undeclared identifier 'rb_postponed_job_register_one'
int t(void) { void ((*volatile p)()); p = (void ((*)()))rb_postponed_job_register_one; return 0; }
                                                        ^
1 error generated.
checked program was:
/* begin */
 1: #include "ruby.h"
 2: 
 3: /*top*/
 4: extern int t(void);
 5: int main(int argc, char **argv)
 6: {
 7:   if (argc > 1000000) {
 8:     printf("%p", &t);
 9:   }
10: 
11:   return 0;
12: }
13: int t(void) { void ((*volatile p)()); p = (void ((*)()))rb_postponed_job_register_one; return 0; }
/* end */

"clang -o conftest -I/Users/kashyap/.rubies/ruby-2.1.0/include/ruby-2.1.0/x86_64-darwin13.0 -I/Users/kashyap/.rubies/ruby-2.1.0/include/ruby-2.1.0/ruby/backward -I/Users/kashyap/.rubies/ruby-2.1.0/include/ruby-2.1.0 -I.  -I/usr/local/opt/openssl/include -I/usr/local/opt/readline/include -I/usr/local/opt/libyaml/include -I/usr/local/opt/gdbm/include -I/usr/local/opt/libffi/include -D_XOPEN_SOURCE -D_DARWIN_C_SOURCE -D_DARWIN_UNLIMITED_SELECT -D_REENTRANT   -O3 -pipe conftest.c  -L. -L/Users/kashyap/.rubies/ruby-2.1.0/lib -L/usr/local/opt/openssl/lib -L/usr/local/opt/readline/lib -L/usr/local/opt/libyaml/lib -L/usr/local/opt/gdbm/lib -L/usr/local/opt/libffi/lib -L. -fstack-protector           -lruby-static -framework CoreFoundation  -lpthread -ldl -lobjc "
conftest.c:13:15: warning: implicit declaration of function 'rb_postponed_job_register_one' is invalid in C99 [-Wimplicit-function-declaration]
int t(void) { rb_postponed_job_register_one(); return 0; }
              ^
1 warning generated.
checked program was:
/* begin */
 1: #include "ruby.h"
 2: 
 3: /*top*/
 4: extern int t(void);
 5: int main(int argc, char **argv)
 6: {
 7:   if (argc > 1000000) {
 8:     printf("%p", &t);
 9:   }
10: 
11:   return 0;
12: }
13: int t(void) { rb_postponed_job_register_one(); return 0; }
/* end */

--------------------

have_func: checking for rb_profile_frames()... -------------------- yes

"clang -o conftest -I/Users/kashyap/.rubies/ruby-2.1.0/include/ruby-2.1.0/x86_64-darwin13.0 -I/Users/kashyap/.rubies/ruby-2.1.0/include/ruby-2.1.0/ruby/backward -I/Users/kashyap/.rubies/ruby-2.1.0/include/ruby-2.1.0 -I.  -I/usr/local/opt/openssl/include -I/usr/local/opt/readline/include -I/usr/local/opt/libyaml/include -I/usr/local/opt/gdbm/include -I/usr/local/opt/libffi/include -D_XOPEN_SOURCE -D_DARWIN_C_SOURCE -D_DARWIN_UNLIMITED_SELECT -D_REENTRANT   -O3 -pipe conftest.c  -L. -L/Users/kashyap/.rubies/ruby-2.1.0/lib -L/usr/local/opt/openssl/lib -L/usr/local/opt/readline/lib -L/usr/local/opt/libyaml/lib -L/usr/local/opt/gdbm/lib -L/usr/local/opt/libffi/lib -L. -fstack-protector           -lruby-static -framework CoreFoundation  -lpthread -ldl -lobjc "
conftest.c:13:57: error: use of undeclared identifier 'rb_profile_frames'
int t(void) { void ((*volatile p)()); p = (void ((*)()))rb_profile_frames; return 0; }
                                                        ^
1 error generated.
checked program was:
/* begin */
 1: #include "ruby.h"
 2: 
 3: /*top*/
 4: extern int t(void);
 5: int main(int argc, char **argv)
 6: {
 7:   if (argc > 1000000) {
 8:     printf("%p", &t);
 9:   }
10: 
11:   return 0;
12: }
13: int t(void) { void ((*volatile p)()); p = (void ((*)()))rb_profile_frames; return 0; }
/* end */

"clang -o conftest -I/Users/kashyap/.rubies/ruby-2.1.0/include/ruby-2.1.0/x86_64-darwin13.0 -I/Users/kashyap/.rubies/ruby-2.1.0/include/ruby-2.1.0/ruby/backward -I/Users/kashyap/.rubies/ruby-2.1.0/include/ruby-2.1.0 -I.  -I/usr/local/opt/openssl/include -I/usr/local/opt/readline/include -I/usr/local/opt/libyaml/include -I/usr/local/opt/gdbm/include -I/usr/local/opt/libffi/include -D_XOPEN_SOURCE -D_DARWIN_C_SOURCE -D_DARWIN_UNLIMITED_SELECT -D_REENTRANT   -O3 -pipe conftest.c  -L. -L/Users/kashyap/.rubies/ruby-2.1.0/lib -L/usr/local/opt/openssl/lib -L/usr/local/opt/readline/lib -L/usr/local/opt/libyaml/lib -L/usr/local/opt/gdbm/lib -L/usr/local/opt/libffi/lib -L. -fstack-protector           -lruby-static -framework CoreFoundation  -lpthread -ldl -lobjc "
conftest.c:13:15: warning: implicit declaration of function 'rb_profile_frames' is invalid in C99 [-Wimplicit-function-declaration]
int t(void) { rb_profile_frames(); return 0; }
              ^
1 warning generated.
checked program was:
/* begin */
 1: #include "ruby.h"
 2: 
 3: /*top*/
 4: extern int t(void);
 5: int main(int argc, char **argv)
 6: {
 7:   if (argc > 1000000) {
 8:     printf("%p", &t);
 9:   }
10: 
11:   return 0;
12: }
13: int t(void) { rb_profile_frames(); return 0; }
/* end */

--------------------

have_func: checking for rb_tracepoint_new()... -------------------- yes

"clang -o conftest -I/Users/kashyap/.rubies/ruby-2.1.0/include/ruby-2.1.0/x86_64-darwin13.0 -I/Users/kashyap/.rubies/ruby-2.1.0/include/ruby-2.1.0/ruby/backward -I/Users/kashyap/.rubies/ruby-2.1.0/include/ruby-2.1.0 -I.  -I/usr/local/opt/openssl/include -I/usr/local/opt/readline/include -I/usr/local/opt/libyaml/include -I/usr/local/opt/gdbm/include -I/usr/local/opt/libffi/include -D_XOPEN_SOURCE -D_DARWIN_C_SOURCE -D_DARWIN_UNLIMITED_SELECT -D_REENTRANT   -O3 -pipe conftest.c  -L. -L/Users/kashyap/.rubies/ruby-2.1.0/lib -L/usr/local/opt/openssl/lib -L/usr/local/opt/readline/lib -L/usr/local/opt/libyaml/lib -L/usr/local/opt/gdbm/lib -L/usr/local/opt/libffi/lib -L. -fstack-protector           -lruby-static -framework CoreFoundation  -lpthread -ldl -lobjc "
conftest.c:13:57: error: use of undeclared identifier 'rb_tracepoint_new'
int t(void) { void ((*volatile p)()); p = (void ((*)()))rb_tracepoint_new; return 0; }
                                                        ^
1 error generated.
checked program was:
/* begin */
 1: #include "ruby.h"
 2: 
 3: /*top*/
 4: extern int t(void);
 5: int main(int argc, char **argv)
 6: {
 7:   if (argc > 1000000) {
 8:     printf("%p", &t);
 9:   }
10: 
11:   return 0;
12: }
13: int t(void) { void ((*volatile p)()); p = (void ((*)()))rb_tracepoint_new; return 0; }
/* end */

"clang -o conftest -I/Users/kashyap/.rubies/ruby-2.1.0/include/ruby-2.1.0/x86_64-darwin13.0 -I/Users/kashyap/.rubies/ruby-2.1.0/include/ruby-2.1.0/ruby/backward -I/Users/kashyap/.rubies/ruby-2.1.0/include/ruby-2.1.0 -I.  -I/usr/local/opt/openssl/include -I/usr/local/opt/readline/include -I/usr/local/opt/libyaml/include -I/usr/local/opt/gdbm/include -I/usr/local/opt/libffi/include -D_XOPEN_SOURCE -D_DARWIN_C_SOURCE -D_DARWIN_UNLIMITED_SELECT -D_REENTRANT   -O3 -pipe conftest.c  -L. -L/Users/kashyap/.rubies/ruby-2.1.0/lib -L/usr/local/opt/openssl/lib -L/usr/local/opt/readline/lib -L/usr/local/opt/libyaml/lib -L/usr/local/opt/gdbm/lib -L/usr/local/opt/libffi/lib -L. -fstack-protector           -lruby-static -framework CoreFoundation  -lpthread -ldl -lobjc "
conftest.c:13:15: warning: implicit declaration of function 'rb_tracepoint_new' is invalid in C99 [-Wimplicit-function-declaration]
int t(void) { rb_tracepoint_new(); return 0; }
              ^
1 warning generated.
checked program was:
/* begin */
 1: #include "ruby.h"
 2: 
 3: /*top*/
 4: extern int t(void);
 5: int main(int argc, char **argv)
 6: {
 7:   if (argc > 1000000) {
 8:     printf("%p", &t);
 9:   }
10: 
11:   return 0;
12: }
13: int t(void) { rb_tracepoint_new(); return 0; }
/* end */

--------------------

have_const: checking for RUBY_INTERNAL_EVENT_NEWOBJ... -------------------- yes

"clang -I/Users/kashyap/.rubies/ruby-2.1.0/include/ruby-2.1.0/x86_64-darwin13.0 -I/Users/kashyap/.rubies/ruby-2.1.0/include/ruby-2.1.0/ruby/backward -I/Users/kashyap/.rubies/ruby-2.1.0/include/ruby-2.1.0 -I.  -I/usr/local/opt/openssl/include -I/usr/local/opt/readline/include -I/usr/local/opt/libyaml/include -I/usr/local/opt/gdbm/include -I/usr/local/opt/libffi/include -D_XOPEN_SOURCE -D_DARWIN_C_SOURCE -D_DARWIN_UNLIMITED_SELECT -D_REENTRANT   -O3 -pipe   -c conftest.c"
checked program was:
/* begin */
1: #include "ruby.h"
2: 
3: /*top*/
4: typedef int conftest_type;
5: conftest_type conftestval = (int)RUBY_INTERNAL_EVENT_NEWOBJ;
/* end */

--------------------

